<?xml version="1.0" encoding="utf-8"?><testsuites name="pytest tests"><testsuite name="pytest" errors="0" failures="0" skipped="0" tests="11" time="21.354" timestamp="2026-04-26T12:43:09.759146+00:00" hostname="agent-env-3fb95f7c-9305-4aa4-8d99-e869348f0303"><testcase classname="backend.tests.backend_test.TestAuth" name="test_login_invalid" time="0.388" /><testcase classname="backend.tests.backend_test.TestAuth" name="test_register_duplicate" time="0.438" /><testcase classname="backend.tests.backend_test.TestAuth" name="test_me_requires_auth" time="0.117" /><testcase classname="backend.tests.backend_test.TestAuth" name="test_me_with_bearer" time="0.483" /><testcase classname="backend.tests.backend_test.TestAuth" name="test_login_sets_cookies" time="0.370" /><testcase classname="backend.tests.backend_test.TestStudents" name="test_crud_and_ownership" time="0.857" /><testcase classname="backend.tests.backend_test.TestPrediction" name="test_predict_student" time="10.906" /><testcase classname="backend.tests.backend_test.TestPrediction" name="test_predict_quick_no_persist" time="7.230" /><testcase classname="backend.tests.backend_test.TestDashboardCsv" name="test_dashboard" time="0.112" /><testcase classname="backend.tests.backend_test.TestDashboardCsv" name="test_export_csv" time="0.118" /><testcase classname="backend.tests.backend_test.TestDashboardCsv" name="test_import_csv" time="0.208" /></testsuite></testsuites>